23:57:31.472 [main] DEBUG io.netty.buffer.PooledByteBufAllocator - -Dio.netty.allocator.pageSize: 8192
23:57:31.479 [main] DEBUG io.netty.buffer.PooledByteBufAllocator - -Dio.netty.allocator.maxOrder: 9
23:57:31.480 [main] DEBUG io.netty.buffer.PooledByteBufAllocator - -Dio.netty.allocator.chunkSize: 4194304
23:57:31.480 [main] DEBUG io.netty.buffer.PooledByteBufAllocator - -Dio.netty.allocator.smallCacheSize: 256
23:57:31.480 [main] DEBUG io.netty.buffer.PooledByteBufAllocator - -Dio.netty.allocator.normalCacheSize: 64
23:57:31.480 [main] DEBUG io.netty.buffer.PooledByteBufAllocator - -Dio.netty.allocator.maxCachedBufferCapacity: 32768
23:57:31.481 [main] DEBUG io.netty.buffer.PooledByteBufAllocator - -Dio.netty.allocator.cacheTrimInterval: 8192
23:57:31.481 [main] DEBUG io.netty.buffer.PooledByteBufAllocator - -Dio.netty.allocator.cacheTrimIntervalMillis: 0
23:57:31.481 [main] DEBUG io.netty.buffer.PooledByteBufAllocator - -Dio.netty.allocator.useCacheForAllThreads: false
23:57:31.481 [main] DEBUG io.netty.buffer.PooledByteBufAllocator - -Dio.netty.allocator.maxCachedByteBuffersPerChunk: 1023
23:57:31.519 [main] DEBUG io.netty.buffer.ByteBufUtil - -Dio.netty.allocator.type: pooled
23:57:31.519 [main] DEBUG io.netty.buffer.ByteBufUtil - -Dio.netty.threadLocalDirectBufferSize: 0
23:57:31.519 [main] DEBUG io.netty.buffer.ByteBufUtil - -Dio.netty.maxThreadLocalCharBufferSize: 16384
23:57:31.970 [Forwarding newSession on session null to remote] DEBUG io.netty.channel.DefaultChannelId - -Dio.netty.processId: 892 (auto-detected)
23:57:31.970 [Forwarding newSession on session null to remote] DEBUG io.netty.util.NetUtil - -Djava.net.preferIPv4Stack: false
23:57:31.970 [Forwarding newSession on session null to remote] DEBUG io.netty.util.NetUtil - -Djava.net.preferIPv6Addresses: false
23:57:32.207 [Forwarding newSession on session null to remote] DEBUG io.netty.util.NetUtilInitializations - Loopback interface: lo (Software Loopback Interface 1, 127.0.0.1)
23:57:32.213 [Forwarding newSession on session null to remote] DEBUG io.netty.util.NetUtil - Failed to get SOMAXCONN from sysctl and file \proc\sys\net\core\somaxconn. Default: 200
23:57:32.225 [Forwarding newSession on session null to remote] DEBUG io.netty.channel.DefaultChannelId - -Dio.netty.machineId: 74:c6:3b:ff:fe:37:de:57 (auto-detected)
23:57:32.323 [AsyncHttpClient-1-2] DEBUG io.netty.buffer.AbstractByteBuf - -Dio.netty.buffer.checkAccessible: true
23:57:32.329 [AsyncHttpClient-1-2] DEBUG io.netty.buffer.AbstractByteBuf - -Dio.netty.buffer.checkBounds: true
23:57:32.329 [AsyncHttpClient-1-2] DEBUG io.netty.util.ResourceLeakDetectorFactory - Loaded default ResourceLeakDetector: io.netty.util.ResourceLeakDetector@4ff5ba2d
23:57:32.371 [AsyncHttpClient-1-2] DEBUG io.netty.util.Recycler - -Dio.netty.recycler.maxCapacityPerThread: 4096
23:57:32.371 [AsyncHttpClient-1-2] DEBUG io.netty.util.Recycler - -Dio.netty.recycler.ratio: 8
23:57:32.372 [AsyncHttpClient-1-2] DEBUG io.netty.util.Recycler - -Dio.netty.recycler.chunkSize: 32
23:57:32.372 [AsyncHttpClient-1-2] DEBUG io.netty.util.Recycler - -Dio.netty.recycler.blocking: false
23:57:33.428 [AsyncHttpClient-1-2] DEBUG io.netty.handler.codec.compression.Brotli - brotli4j not in the classpath; Brotli support will be unavailable.
23:57:33.694 [main] DEBUG io.netty.util.internal.ThreadLocalRandom - -Dio.netty.initialSeedUniquifier: 0x2a4a6327c2905b01
23:57:35.195 [main] INFO  testCases.TC_001_AccountRegistrationTest - **** STARTING verifyAccountRegistration**** 
23:57:35.196 [main] DEBUG testCases.TC_001_AccountRegistrationTest - application logs started...
23:57:36.240 [main] INFO  testCases.TC_001_AccountRegistrationTest - Clicked on "myAccount link"
23:57:37.061 [main] INFO  testCases.TC_001_AccountRegistrationTest - Clicked on "Registration" link
23:57:40.063 [main] INFO  testCases.TC_001_AccountRegistrationTest - Entering customer details.
23:57:43.719 [main] INFO  testCases.TC_001_AccountRegistrationTest - Clicked on Continue.
23:57:43.830 [main] INFO  testCases.TC_001_AccountRegistrationTest - Validating expected message.
23:57:43.830 [main] INFO  testCases.TC_001_AccountRegistrationTest - test passed.
23:57:43.835 [main] INFO  testCases.TC_001_AccountRegistrationTest - **** ENDING TC_001_AccountRegistrationTest ****
23:57:43.836 [main] DEBUG testCases.TC_001_AccountRegistrationTest - application logs ended...
23:57:48.303 [main] INFO  testCases.TC_002_LoginTest - **** STARTING verifyLogin ****
23:57:48.303 [main] DEBUG testCases.TC_002_LoginTest -  application logs started 
23:57:48.303 [main] INFO  testCases.TC_002_LoginTest - clicking Login.
23:57:49.709 [main] INFO  testCases.TC_002_LoginTest - entering valid credentials.
23:57:49.997 [main] INFO  testCases.TC_002_LoginTest - submitting credentials.
23:57:50.540 [main] INFO  testCases.TC_002_LoginTest - verifying successful login.
23:57:50.624 [main] INFO  testCases.TC_002_LoginTest - login test passed.
23:57:50.624 [main] INFO  testCases.TC_002_LoginTest - **** TC_002_LoginTest ****
